Command line:
   s6base_tb_isim_beh.exe
     -simmode  gui
     -simrunnum  0
     -socket  62867

Sun Dec 20 16:55:53 2020


 Elaboration Time: 0.078125 sec

 Current Memory Usage: 5317.59 Meg

 Total Signals          : 320
 Total Nets             : 1487
 Total Signal Drivers   : 181
 Total Blocks           : 19
 Total Primitive Blocks : 15
 Total Processes        : 169
 Total Traceable Variables  : 306
 Total Scalar Nets and Variables : 6926292
Total Line Count : 1119

 Total Simulation Time: 16.5 sec

 Current Memory Usage: 5160.3 Meg

Sun Dec 20 16:57:30 2020

